<?xml version="1.0" encoding="utf-8"?><testsuites name="pytest tests"><testsuite name="pytest" errors="0" failures="0" skipped="0" tests="26" time="4.252" timestamp="2026-05-31T16:20:00.144356+00:00" hostname="agent-env-a0bdcd97-5c2b-4b9e-b9ef-d049a3da8e49"><testcase classname="backend.tests.backend_test.TestAuth" name="test_login_admin" time="0.451" /><testcase classname="backend.tests.backend_test.TestAuth" name="test_login_invalid" time="0.335" /><testcase classname="backend.tests.backend_test.TestAuth" name="test_me_requires_auth" time="0.104" /><testcase classname="backend.tests.backend_test.TestAuth" name="test_me_with_token" time="0.520" /><testcase classname="backend.tests.backend_test.TestAuth" name="test_register_and_duplicate" time="0.523" /><testcase classname="backend.tests.backend_test.TestLists" name="test_get_lists_defaults" time="0.050" /><testcase classname="backend.tests.backend_test.TestLists" name="test_add_and_remove_list_item" time="0.110" /><testcase classname="backend.tests.backend_test.TestLists" name="test_invalid_list_type" time="0.082" /><testcase classname="backend.tests.backend_test.TestBidsCRUD" name="test_create_bid" time="0.050" /><testcase classname="backend.tests.backend_test.TestBidsCRUD" name="test_list_bids" time="0.071" /><testcase classname="backend.tests.backend_test.TestBidsCRUD" name="test_update_bid" time="0.100" /><testcase classname="backend.tests.backend_test.TestBidsCRUD" name="test_toggle_favorite" time="0.051" /><testcase classname="backend.tests.backend_test.TestBidsCRUD" name="test_dashboard_summary_reflects" time="0.051" /><testcase classname="backend.tests.backend_test.TestExecutionAutoCreate" name="test_change_status_to_adjudicado_creates_execution" time="0.139" /><testcase classname="backend.tests.backend_test.TestExecutionAutoCreate" name="test_list_executions_contains" time="0.056" /><testcase classname="backend.tests.backend_test.TestExecutionAutoCreate" name="test_execution_kpis" time="0.050" /><testcase classname="backend.tests.backend_test.TestExecutionAutoCreate" name="test_idempotent_adjudicado" time="0.098" /><testcase classname="backend.tests.backend_test.TestBudget" name="test_get_budget_defaults" time="0.049" /><testcase classname="backend.tests.backend_test.TestBudget" name="test_save_budget_propagates_to_execution" time="0.167" /><testcase classname="backend.tests.backend_test.TestExecutionUpdates" name="test_update_status_syncs_step" time="0.053" /><testcase classname="backend.tests.backend_test.TestExecutionUpdates" name="test_update_step_syncs_status" time="0.049" /><testcase classname="backend.tests.backend_test.TestSettings" name="test_preferences_get_default" time="0.048" /><testcase classname="backend.tests.backend_test.TestSettings" name="test_preferences_update" time="0.074" /><testcase classname="backend.tests.backend_test.TestSettings" name="test_company_update" time="0.122" /><testcase classname="backend.tests.backend_test.TestFiles" name="test_upload_and_fetch" time="0.595" /><testcase classname="backend.tests.backend_test.TestZCleanup" name="test_delete_created_bids" time="0.149" /></testsuite></testsuites>