<?xml version="1.0" encoding="utf-8"?><testsuites name="pytest tests"><testsuite name="pytest" errors="0" failures="0" skipped="0" tests="29" time="6.398" timestamp="2026-06-13T15:34:56.992909+00:00" hostname="agent-env-a0bdcd97-5c2b-4b9e-b9ef-d049a3da8e49"><testcase classname="backend.tests.backend_test.TestAuth" name="test_login_admin" time="0.416" /><testcase classname="backend.tests.backend_test.TestAuth" name="test_login_invalid" time="0.366" /><testcase classname="backend.tests.backend_test.TestAuth" name="test_me_requires_auth" time="0.096" /><testcase classname="backend.tests.backend_test.TestAuth" name="test_me_with_token" time="0.451" /><testcase classname="backend.tests.backend_test.TestAuth" name="test_register_disabled" time="0.206" /><testcase classname="backend.tests.backend_test.TestAuth" name="test_change_password_still_works" time="1.927" /><testcase classname="backend.tests.backend_test.TestLists" name="test_get_lists_defaults_are_objects" time="0.043" /><testcase classname="backend.tests.backend_test.TestLists" name="test_add_list_item_with_color" time="0.092" /><testcase classname="backend.tests.backend_test.TestLists" name="test_update_list_item_propagates_to_bids" time="0.304" /><testcase classname="backend.tests.backend_test.TestLists" name="test_invalid_list_type" time="0.129" /><testcase classname="backend.tests.backend_test.TestLists" name="test_add_default_color_when_missing" time="0.087" /><testcase classname="backend.tests.backend_test.TestBidsCRUD" name="test_create_bid" time="0.043" /><testcase classname="backend.tests.backend_test.TestBidsCRUD" name="test_list_bids" time="0.043" /><testcase classname="backend.tests.backend_test.TestBidsCRUD" name="test_update_bid" time="0.091" /><testcase classname="backend.tests.backend_test.TestBidsCRUD" name="test_toggle_favorite" time="0.047" /><testcase classname="backend.tests.backend_test.TestBidsCRUD" name="test_dashboard_summary_reflects" time="0.043" /><testcase classname="backend.tests.backend_test.TestExecutionAutoCreate" name="test_change_status_to_adjudicado_creates_execution" time="0.095" /><testcase classname="backend.tests.backend_test.TestExecutionAutoCreate" name="test_list_executions_contains" time="0.042" /><testcase classname="backend.tests.backend_test.TestExecutionAutoCreate" name="test_execution_kpis" time="0.042" /><testcase classname="backend.tests.backend_test.TestExecutionAutoCreate" name="test_idempotent_adjudicado" time="0.086" /><testcase classname="backend.tests.backend_test.TestBudget" name="test_get_budget_defaults" time="0.083" /><testcase classname="backend.tests.backend_test.TestBudget" name="test_save_budget_propagates_to_execution" time="0.132" /><testcase classname="backend.tests.backend_test.TestExecutionUpdates" name="test_update_status_syncs_step" time="0.044" /><testcase classname="backend.tests.backend_test.TestExecutionUpdates" name="test_update_step_syncs_status" time="0.084" /><testcase classname="backend.tests.backend_test.TestSettings" name="test_preferences_get_default" time="0.250" /><testcase classname="backend.tests.backend_test.TestSettings" name="test_preferences_update" time="0.042" /><testcase classname="backend.tests.backend_test.TestSettings" name="test_company_update" time="0.129" /><testcase classname="backend.tests.backend_test.TestFiles" name="test_upload_and_fetch" time="0.600" /><testcase classname="backend.tests.backend_test.TestZCleanup" name="test_delete_created_bids" time="0.252" /></testsuite></testsuites>